Run starting. Expected test count is: 2
AvailabilityTestSuite:
CheckAvailability
  BaseTest
  - Skipping the required AVT Availability Test [Available]. !!! IGNORED !!!
  SoldOut
  - Skipping the required AVT Availability Test [SoldOut]. !!! IGNORED !!!
  NotAvailable
  - Skipping the required AVT Availability Test [Unavailable]. !!! IGNORED !!!
  DateSpan
  - Skipping the required AVT Availability Test [DateSpan]. !!! IGNORED !!!
  PartnerSupplierBranchIdUnrecognized
  - Skipping the required AVT Availability Test [PartnerSupplierBranchIdUnrecognized]. !!! IGNORED !!!
  PartnerActivityIdUnrecognized
  - Skipping the required AVT Availability Test [PartnerActivityIdUnrecognized]. !!! IGNORED !!!
  PartnerOfferIdUnrecognized
  - Skipping the required AVT Availability Test [PartnerOfferIdUnrecognized]. !!! IGNORED !!!
  Freesell
  - Skipping the optional AVT Availability Test [Freesell]. !!! IGNORED !!!
  Authentication Tests
    Test for invalid authentication
    + Test Request 
    + Sending Request: 
	RequestDetails[Method:[GET]URL:[http://localhost:81/Xpidia/supplierBranches/woi/activities/291957W3/offers/391472W3025/availability?localDateRangeStart=2017-03-21&localDateRangeEnd=2017-03-21&minimumAccuracy=Exact]
	RequestHeaders:["x-request-identifier=3abfc2c6-8733-47f5-acc0-e1343b879bea"; "x-request-authentication=BadAuthentication"; "Accept=application/vnd.localexpert.v2.1+json,application/vnd.localexpert.v2.0+json;q=0.9,application/vnd.localexpert.v1.1+json;q=0.8,application/json;q=0.7"; "Content-Type=application/vnd.localexpert.v2.1+json; charset=UTF-8"]
	RequestBody:[]] 
    + Received Response: 
	ResponseDetails[ResponseHeaders:["Date=Thu, 06 Sep 2018 01:25:35 GMT"; "Server=Apache/2.4.27 (Win64) OpenSSL/1.0.2l PHP/7.1.12"; "X-Powered-By=PHP/7.1.12"; "Content-Length=316"; "Keep-Alive=timeout=5, max=100"; "Connection=Keep-Alive"; "Content-Type=application/vnd.localexpert.v2.1+json"] 
	ResponseContentType:[application/vnd.localexpert.v2.1+json]
	ResponseBody:[{"responseHeader":{"requestIdentifier":"3abfc2c6-8733-47f5-acc0-e1343b879bea","processingMilliseconds":100},"partnerSupplierBranchId":"woi","partnerActivityId":"291957W3","partnerOfferId":"391472W3025","availability":[{"localDate":"2017-03-21","accuracy":"Exact","status":"Available","availabilityType":"freesell"}]}]] 
    - should have an Http Status Code of 403 *** FAILED ***
      Response Status Code: 200 is not equal to 403 (AvailabilityTestSuite.scala:182)
    Test for no authentication header
    + Test Request 
    + Sending Request: 
	RequestDetails[Method:[GET]URL:[http://localhost:81/Xpidia/supplierBranches/woi/activities/291957W3/offers/391472W3025/availability?localDateRangeStart=2017-03-21&localDateRangeEnd=2017-03-21&minimumAccuracy=Exact]
	RequestHeaders:["x-request-identifier=0d0c3ec1-74a6-410b-8509-c3199c222e64"; "Accept=application/vnd.localexpert.v2.1+json,application/vnd.localexpert.v2.0+json;q=0.9,application/vnd.localexpert.v1.1+json;q=0.8,application/json;q=0.7"; "Content-Type=application/vnd.localexpert.v2.1+json; charset=UTF-8"]
	RequestBody:[]] 
    + Received Response: 
	ResponseDetails[ResponseHeaders:["Date=Thu, 06 Sep 2018 01:25:35 GMT"; "Server=Apache/2.4.27 (Win64) OpenSSL/1.0.2l PHP/7.1.12"; "X-Powered-By=PHP/7.1.12"; "Content-Length=202"; "Keep-Alive=timeout=5, max=99"; "Connection=Keep-Alive"; "Content-Type=application/vnd.localexpert.v2.1+json"] 
	ResponseContentType:[application/vnd.localexpert.v2.1+json]
	ResponseBody:[The x-request-authentication header was determined to be invalid.<br />
<b>Notice</b>:  Undefined index: HTTP_X_REQUEST_AUTHENTICATION in <b>C:\laragon\www\Xpidia\index.php</b> on line <b>192</b><br />
]] 
    - should have an Http Status Code of 401 *** FAILED ***
      Response Status Code: 403 is not equal to 401 (AvailabilityTestSuite.scala:197)
CreateSaleTestSuite:
CreateSale
  BaseTest
  - Skipping the required AVT Create Sale Test - [BaseTest]. !!! IGNORED !!!
  PerGroupVBP
  - Skipping the required AVT Create Sale Test - [PerGroupVBP]. !!! IGNORED !!!
  PartnerSupplierBranchIdUnrecognized
  - Skipping the required AVT Create Sale Test - [PartnerSupplierBranchIdUnrecognized]. !!! IGNORED !!!
  PartnerActivityIdUnrecognized
  - Skipping the required AVT Create Sale Test - [PartnerActivityIdUnrecognized]. !!! IGNORED !!!
  PartnerOfferIdUnrecognized
  - Skipping the required AVT Create Sale Test - [PartnerOfferIdUnrecognized]. !!! IGNORED !!!
  PartnerTicketTypeIdUnrecognized
  - Skipping the required AVT Create Sale Test - [PartnerTicketTypeIdUnrecognized]. !!! IGNORED !!!
  ThisConfigurationNotAvailable
  - Skipping the optional AVT Create Sale Test - [ThisConfigurationNotAvailable]. !!! IGNORED !!!
CommitSaleTestSuite:
CommitSale
  BaseTest
  - Skipping the required AVT Commit Sale Test [BaseTest]. !!! IGNORED !!!
  PerGroupVBP
  - Skipping the required AVT Commit Sale Test [PerGroupVBP]. !!! IGNORED !!!
  SaleNotFound
  - Skipping the required AVT Commit Sale Test [SaleNotFound]. !!! IGNORED !!!
  SaleExpired
  - Skipping the required AVT Commit Sale Test [SaleExpired]. !!! IGNORED !!!
ReleaseSaleTestSuite:
ReleaseSale
  BaseTest
  - Skipping the required AVT Release Sale Test [BaseTest]. !!! IGNORED !!!
  SaleNotFound
  - Skipping the required AVT Release Sale Test [SaleNotFound]. !!! IGNORED !!!
GetSaleTestSuite:
GetSale
  BaseTest
  - Skipping the optional AVT Get Sale Test [BaseTest]. !!! IGNORED !!!
  PerGroupVBP
  - Skipping the optional AVT Get Sale Test [PerGroupVBP]. !!! IGNORED !!!
  SaleNotFound
  - Skipping the required AVT Get Sale Test [SaleNotFound]. !!! IGNORED !!!
CreateCancellationTestSuite:
CreateSaleCancellation
  BaseTest
  - Skipping the required AVT Create Sale Cancellation Test [BaseTest]. !!! IGNORED !!!
  SaleNotFound
  - Skipping the required AVT Create Sale Cancellation Test [SaleNotFound]. !!! IGNORED !!!
  SaleNotCommitted
  - Skipping the required AVT Create Sale Cancellation Test [SaleNotCommitted]. !!! IGNORED !!!
  SaleNotCancellable
  - Skipping the required AVT Create Sale Cancellation Test [SaleNotCancellable]. !!! IGNORED !!!
CommitCancellationTestSuite:
CommitSaleCancellation
  BaseTest
  - Skipping the required AVT Commit Sale Cancellation Test [BaseTest]. !!! IGNORED !!!
  SaleNotFound
  - Skipping the required AVT Commit Sale Cancellation Test [SaleNotFound]. !!! IGNORED !!!
  CancellationNotCreated
  - Skipping the required AVT Commit Sale Cancellation Test [CancellationNotCreated]. !!! IGNORED !!!
  SaleAlreadyCancelled
  - Skipping the required AVT Commit Sale Cancellation Test [SaleAlreadyCancelled]. !!! IGNORED !!!
ReleaseCancellationTestSuite:
ReleaseSaleCancellation
  BaseTest
  - Skipping the required AVT Release Sale Cancellation Test [BaseTest]. !!! IGNORED !!!
  SaleNotFound
  - Skipping the required AVT Release Sale Cancellation Test [SaleNotFound]. !!! IGNORED !!!
  CancellationNotCreated
  - Skipping the required AVT Release Sale Cancellation Test [CancellationNotCreated]. !!! IGNORED !!!
Run completed in 1 second, 895 milliseconds.
Total number of tests run: 2
Suites: completed 8, aborted 0
Tests: succeeded 0, failed 2, canceled 0, ignored 35, pending 0
*** 2 TESTS FAILED ***
